2021.04.16 18:52:36 INFO  ce[][o.s.p.ProcessEntryPoint] Starting ce
2021.04.16 18:52:36 INFO  ce[][o.s.ce.app.CeServer] Compute Engine starting up...
2021.04.16 18:52:36 INFO  ce[][o.s.s.e.EsClientProvider] Connected to local Elasticsearch: [http://127.0.0.1:9001]
2021.04.16 18:52:36 INFO  ce[][o.sonar.db.Database] Create JDBC data source for jdbc:h2:tcp://127.0.0.1:9092/sonar
2021.04.16 18:52:37 WARN  ce[][o.s.db.dialect.H2] H2 database should be used for evaluation purpose only.
2021.04.16 18:52:37 INFO  ce[][o.s.s.p.ServerFileSystemImpl] SonarQube home: F:\python_codes\codeChecker\demo1\tools\sonarqube
2021.04.16 18:52:38 INFO  ce[][o.s.c.c.CePluginRepository] Load plugins
2021.04.16 18:52:38 INFO  ce[][o.s.c.p.PluginInfo] Plugin [l10nzh] defines 'l10nen' as base plugin. This metadata can be removed from manifest of l10n plugins since version 5.2.
2021.04.16 18:52:40 INFO  ce[][o.s.c.c.ComputeEngineContainerImpl] Running Community edition
2021.04.16 18:52:40 INFO  ce[][o.s.ce.app.CeServer] Compute Engine is operational
2021.04.16 18:52:42 INFO  ce[][o.s.c.t.CeWorkerImpl] worker AXjaT7TLgcaHN3uMXp1v found no pending task (including indexation task). Disabling indexation task lookup for this worker until next SonarQube restart.
2021.04.16 18:56:41 INFO  ce[][o.s.p.ProcessEntryPoint] Starting ce
2021.04.16 18:56:41 INFO  ce[][o.s.ce.app.CeServer] Compute Engine starting up...
2021.04.16 18:56:41 INFO  ce[][o.s.s.e.EsClientProvider] Connected to local Elasticsearch: [http://127.0.0.1:9001]
2021.04.16 18:56:42 INFO  ce[][o.sonar.db.Database] Create JDBC data source for jdbc:h2:tcp://127.0.0.1:9092/sonar
2021.04.16 18:56:42 WARN  ce[][o.s.db.dialect.H2] H2 database should be used for evaluation purpose only.
2021.04.16 18:56:43 INFO  ce[][o.s.s.p.ServerFileSystemImpl] SonarQube home: F:\python_codes\codeChecker\demo1\tools\sonarqube
2021.04.16 18:56:43 INFO  ce[][o.s.c.c.CePluginRepository] Load plugins
2021.04.16 18:56:43 INFO  ce[][o.s.c.p.PluginInfo] Plugin [l10nzh] defines 'l10nen' as base plugin. This metadata can be removed from manifest of l10n plugins since version 5.2.
2021.04.16 18:56:45 INFO  ce[][o.s.c.c.ComputeEngineContainerImpl] Running Community edition
2021.04.16 18:56:45 INFO  ce[][o.s.ce.app.CeServer] Compute Engine is operational
2021.04.16 18:56:47 INFO  ce[][o.s.c.t.CeWorkerImpl] worker AXjaU3HS0mvfnV-zwWGi found no pending task (including indexation task). Disabling indexation task lookup for this worker until next SonarQube restart.
2021.04.16 19:26:04 INFO  ce[][o.s.p.ProcessEntryPoint] Starting ce
2021.04.16 19:26:04 INFO  ce[][o.s.ce.app.CeServer] Compute Engine starting up...
2021.04.16 19:26:05 INFO  ce[][o.s.s.e.EsClientProvider] Connected to local Elasticsearch: [http://127.0.0.1:9001]
2021.04.16 19:26:05 INFO  ce[][o.sonar.db.Database] Create JDBC data source for jdbc:h2:tcp://127.0.0.1:9092/sonar
2021.04.16 19:26:05 WARN  ce[][o.s.db.dialect.H2] H2 database should be used for evaluation purpose only.
2021.04.16 19:26:06 INFO  ce[][o.s.s.p.ServerFileSystemImpl] SonarQube home: F:\python_codes\codeChecker\demo1\tools\sonarqube
2021.04.16 19:26:06 INFO  ce[][o.s.c.c.CePluginRepository] Load plugins
2021.04.16 19:26:06 INFO  ce[][o.s.c.p.PluginInfo] Plugin [l10nzh] defines 'l10nen' as base plugin. This metadata can be removed from manifest of l10n plugins since version 5.2.
2021.04.16 19:26:08 INFO  ce[][o.s.c.c.ComputeEngineContainerImpl] Running Community edition
2021.04.16 19:26:08 INFO  ce[][o.s.ce.app.CeServer] Compute Engine is operational
2021.04.16 19:26:10 INFO  ce[][o.s.c.t.CeWorkerImpl] worker AXjablk561R89p4DfuG5 found no pending task (including indexation task). Disabling indexation task lookup for this worker until next SonarQube restart.
2021.04.16 19:42:03 INFO  ce[][o.s.p.ProcessEntryPoint] Starting ce
2021.04.16 19:42:03 INFO  ce[][o.s.ce.app.CeServer] Compute Engine starting up...
2021.04.16 19:42:03 INFO  ce[][o.s.s.e.EsClientProvider] Connected to local Elasticsearch: [http://127.0.0.1:9001]
2021.04.16 19:42:03 INFO  ce[][o.sonar.db.Database] Create JDBC data source for jdbc:h2:tcp://127.0.0.1:9092/sonar
2021.04.16 19:42:04 WARN  ce[][o.s.db.dialect.H2] H2 database should be used for evaluation purpose only.
2021.04.16 19:42:04 INFO  ce[][o.s.s.p.ServerFileSystemImpl] SonarQube home: F:\python_codes\codeChecker\demo1\tools\sonarqube
2021.04.16 19:42:04 INFO  ce[][o.s.c.c.CePluginRepository] Load plugins
2021.04.16 19:42:05 INFO  ce[][o.s.c.p.PluginInfo] Plugin [l10nzh] defines 'l10nen' as base plugin. This metadata can be removed from manifest of l10n plugins since version 5.2.
2021.04.16 19:42:06 INFO  ce[][o.s.c.c.ComputeEngineContainerImpl] Running Community edition
2021.04.16 19:42:06 INFO  ce[][o.s.ce.app.CeServer] Compute Engine is operational
2021.04.16 19:42:08 INFO  ce[][o.s.c.t.CeWorkerImpl] worker AXjafPgvTf3LBLzrB4lX found no pending task (including indexation task). Disabling indexation task lookup for this worker until next SonarQube restart.
