2021.04.11 13:56:32 INFO  ce[][o.s.p.ProcessEntryPoint] Starting ce
2021.04.11 13:56:32 INFO  ce[][o.s.ce.app.CeServer] Compute Engine starting up...
2021.04.11 13:56:32 INFO  ce[][o.s.s.e.EsClientProvider] Connected to local Elasticsearch: [http://127.0.0.1:9001]
2021.04.11 13:56:32 INFO  ce[][o.sonar.db.Database] Create JDBC data source for jdbc:h2:tcp://127.0.0.1:9092/sonar
2021.04.11 13:56:32 WARN  ce[][o.s.db.dialect.H2] H2 database should be used for evaluation purpose only.
2021.04.11 13:56:33 INFO  ce[][o.s.s.p.ServerFileSystemImpl] SonarQube home: F:\python_codes\codeChecker\tools\sonarqube
2021.04.11 13:56:33 INFO  ce[][o.s.c.c.CePluginRepository] Load plugins
2021.04.11 13:56:33 INFO  ce[][o.s.c.p.PluginInfo] Plugin [l10nzh] defines 'l10nen' as base plugin. This metadata can be removed from manifest of l10n plugins since version 5.2.
2021.04.11 13:56:35 INFO  ce[][o.s.c.c.ComputeEngineContainerImpl] Running Community edition
2021.04.11 13:56:35 INFO  ce[][o.s.ce.app.CeServer] Compute Engine is operational
2021.04.11 13:56:37 INFO  ce[][o.s.c.t.CeWorkerImpl] worker AXi_gNdHFp9pr6ZjSTng found no pending task (including indexation task). Disabling indexation task lookup for this worker until next SonarQube restart.
2021.04.11 13:57:17 INFO  ce[][o.s.p.ProcessEntryPoint] Gracefully stopping process
2021.04.11 13:57:17 INFO  ce[][o.s.ce.app.CeServer] Compute Engine is stopping...
2021.04.11 13:57:17 INFO  ce[][o.s.c.t.CeProcessingSchedulerImpl] Gracefully stopping workers...
2021.04.11 13:57:17 INFO  ce[][o.s.ce.app.CeServer] Compute Engine is stopped
2021.04.11 13:58:20 INFO  ce[][o.s.p.ProcessEntryPoint] Starting ce
2021.04.11 13:58:20 INFO  ce[][o.s.ce.app.CeServer] Compute Engine starting up...
2021.04.11 13:58:20 INFO  ce[][o.s.s.e.EsClientProvider] Connected to local Elasticsearch: [http://127.0.0.1:9001]
2021.04.11 13:58:21 INFO  ce[][o.sonar.db.Database] Create JDBC data source for jdbc:h2:tcp://127.0.0.1:9092/sonar
2021.04.11 13:58:21 WARN  ce[][o.s.db.dialect.H2] H2 database should be used for evaluation purpose only.
2021.04.11 13:58:21 INFO  ce[][o.s.s.p.ServerFileSystemImpl] SonarQube home: F:\python_codes\codeChecker\tools\sonarqube
2021.04.11 13:58:22 INFO  ce[][o.s.c.c.CePluginRepository] Load plugins
2021.04.11 13:58:22 INFO  ce[][o.s.c.p.PluginInfo] Plugin [l10nzh] defines 'l10nen' as base plugin. This metadata can be removed from manifest of l10n plugins since version 5.2.
2021.04.11 13:58:23 INFO  ce[][o.s.c.c.ComputeEngineContainerImpl] Running Community edition
2021.04.11 13:58:23 INFO  ce[][o.s.ce.app.CeServer] Compute Engine is operational
2021.04.11 13:58:25 INFO  ce[][o.s.c.t.CeWorkerImpl] worker AXi_gn5CII5BmX33ROI1 found no pending task (including indexation task). Disabling indexation task lookup for this worker until next SonarQube restart.
2021.04.11 13:58:39 INFO  ce[][o.s.p.ProcessEntryPoint] Gracefully stopping process
2021.04.11 13:58:39 INFO  ce[][o.s.ce.app.CeServer] Compute Engine is stopping...
2021.04.11 13:58:39 INFO  ce[][o.s.c.t.CeProcessingSchedulerImpl] Gracefully stopping workers...
2021.04.11 13:58:39 INFO  ce[][o.s.ce.app.CeServer] Compute Engine is stopped
2021.04.11 13:59:43 INFO  ce[][o.s.p.ProcessEntryPoint] Starting ce
2021.04.11 13:59:43 INFO  ce[][o.s.ce.app.CeServer] Compute Engine starting up...
2021.04.11 13:59:43 INFO  ce[][o.s.s.e.EsClientProvider] Connected to local Elasticsearch: [http://127.0.0.1:9001]
2021.04.11 13:59:43 INFO  ce[][o.sonar.db.Database] Create JDBC data source for jdbc:h2:tcp://127.0.0.1:9092/sonar
2021.04.11 13:59:44 WARN  ce[][o.s.db.dialect.H2] H2 database should be used for evaluation purpose only.
2021.04.11 13:59:44 INFO  ce[][o.s.s.p.ServerFileSystemImpl] SonarQube home: F:\python_codes\codeChecker\tools\sonarqube
2021.04.11 13:59:44 INFO  ce[][o.s.c.c.CePluginRepository] Load plugins
2021.04.11 13:59:44 INFO  ce[][o.s.c.p.PluginInfo] Plugin [l10nzh] defines 'l10nen' as base plugin. This metadata can be removed from manifest of l10n plugins since version 5.2.
2021.04.11 13:59:46 INFO  ce[][o.s.c.c.ComputeEngineContainerImpl] Running Community edition
2021.04.11 13:59:46 INFO  ce[][o.s.ce.app.CeServer] Compute Engine is operational
2021.04.11 13:59:48 INFO  ce[][o.s.c.t.CeWorkerImpl] worker AXi_g8KL2Ujx3O0oA01V found no pending task (including indexation task). Disabling indexation task lookup for this worker until next SonarQube restart.
2021.04.11 14:03:32 ERROR ce[][o.s.c.t.CeWorkerImpl] Failed to pop the queue of analysis reports
org.apache.ibatis.exceptions.PersistenceException: 
### Error querying database.  Cause: org.h2.jdbc.JdbcSQLNonTransientConnectionException: Connection is broken: "java.net.SocketTimeoutException: connect timed out: 127.0.0.1:9092" [90067-199]
### The error may exist in org.sonar.db.property.InternalPropertiesMapper
### The error may involve org.sonar.db.property.InternalPropertiesMapper.selectAsText
### The error occurred while executing a query
### Cause: org.h2.jdbc.JdbcSQLNonTransientConnectionException: Connection is broken: "java.net.SocketTimeoutException: connect timed out: 127.0.0.1:9092" [90067-199]
	at org.apache.ibatis.exceptions.ExceptionFactory.wrapException(ExceptionFactory.java:30)
	at org.apache.ibatis.session.defaults.DefaultSqlSession.selectList(DefaultSqlSession.java:149)
	at org.apache.ibatis.session.defaults.DefaultSqlSession.selectList(DefaultSqlSession.java:140)
	at org.apache.ibatis.binding.MapperMethod.executeForMany(MapperMethod.java:147)
	at org.apache.ibatis.binding.MapperMethod.execute(MapperMethod.java:80)
	at org.apache.ibatis.binding.MapperProxy$PlainMethodInvoker.invoke(MapperProxy.java:152)
	at org.apache.ibatis.binding.MapperProxy.invoke(MapperProxy.java:85)
	at com.sun.proxy.$Proxy24.selectAsText(Unknown Source)
	at org.sonar.db.property.InternalPropertiesDao.selectByKey(InternalPropertiesDao.java:155)
	at org.sonar.ce.queue.CeQueueImpl.getWorkersPauseStatus(CeQueueImpl.java:328)
	at org.sonar.ce.queue.InternalCeQueueImpl.peek(InternalCeQueueImpl.java:78)
	at org.sonar.ce.taskprocessor.CeWorkerImpl.tryAndFindTaskToExecute(CeWorkerImpl.java:174)
	at org.sonar.ce.taskprocessor.CeWorkerImpl.findAndProcessTask(CeWorkerImpl.java:155)
	at org.sonar.ce.taskprocessor.CeWorkerImpl$TrackRunningState.get(CeWorkerImpl.java:137)
	at org.sonar.ce.taskprocessor.CeWorkerImpl.call(CeWorkerImpl.java:89)
	at org.sonar.ce.taskprocessor.CeWorkerImpl.call(CeWorkerImpl.java:53)
	at com.google.common.util.concurrent.TrustedListenableFutureTask$TrustedFutureInterruptibleTask.runInterruptibly(TrustedListenableFutureTask.java:125)
	at com.google.common.util.concurrent.InterruptibleTask.run(InterruptibleTask.java:69)
	at com.google.common.util.concurrent.TrustedListenableFutureTask.run(TrustedListenableFutureTask.java:78)
	at java.base/java.util.concurrent.Executors$RunnableAdapter.call(Executors.java:515)
	at java.base/java.util.concurrent.FutureTask.run(FutureTask.java:264)
	at java.base/java.util.concurrent.ScheduledThreadPoolExecutor$ScheduledFutureTask.run(ScheduledThreadPoolExecutor.java:304)
	at java.base/java.util.concurrent.ThreadPoolExecutor.runWorker(ThreadPoolExecutor.java:1128)
	at java.base/java.util.concurrent.ThreadPoolExecutor$Worker.run(ThreadPoolExecutor.java:628)
	at java.base/java.lang.Thread.run(Thread.java:834)
Caused by: org.h2.jdbc.JdbcSQLNonTransientConnectionException: Connection is broken: "java.net.SocketTimeoutException: connect timed out: 127.0.0.1:9092" [90067-199]
	at org.h2.message.DbException.getJdbcSQLException(DbException.java:617)
	at org.h2.message.DbException.getJdbcSQLException(DbException.java:427)
	at org.h2.message.DbException.get(DbException.java:194)
	at org.h2.engine.SessionRemote.connectServer(SessionRemote.java:435)
	at org.h2.engine.SessionRemote.connectEmbeddedOrServer(SessionRemote.java:317)
	at org.h2.jdbc.JdbcConnection.<init>(JdbcConnection.java:169)
	at org.h2.jdbc.JdbcConnection.<init>(JdbcConnection.java:148)
	at org.h2.Driver.connect(Driver.java:69)
	at org.apache.commons.dbcp2.DriverConnectionFactory.createConnection(DriverConnectionFactory.java:55)
	at org.apache.commons.dbcp2.PoolableConnectionFactory.makeObject(PoolableConnectionFactory.java:355)
	at org.apache.commons.pool2.impl.GenericObjectPool.create(GenericObjectPool.java:889)
	at org.apache.commons.pool2.impl.GenericObjectPool.borrowObject(GenericObjectPool.java:424)
	at org.apache.commons.pool2.impl.GenericObjectPool.borrowObject(GenericObjectPool.java:349)
	at org.apache.commons.dbcp2.PoolingDataSource.getConnection(PoolingDataSource.java:134)
	at org.apache.commons.dbcp2.BasicDataSource$PaGetConnection.run(BasicDataSource.java:73)
	at org.apache.commons.dbcp2.BasicDataSource$PaGetConnection.run(BasicDataSource.java:69)
	at java.base/java.security.AccessController.doPrivileged(Native Method)
	at org.apache.commons.dbcp2.BasicDataSource.getConnection(BasicDataSource.java:744)
	at org.sonar.db.profiling.NullConnectionInterceptor.getConnection(NullConnectionInterceptor.java:31)
	at org.sonar.db.profiling.ProfiledDataSource.getConnection(ProfiledDataSource.java:317)
	at org.apache.ibatis.transaction.jdbc.JdbcTransaction.openConnection(JdbcTransaction.java:139)
	at org.apache.ibatis.transaction.jdbc.JdbcTransaction.getConnection(JdbcTransaction.java:61)
	at org.apache.ibatis.executor.BaseExecutor.getConnection(BaseExecutor.java:337)
	at org.apache.ibatis.executor.ReuseExecutor.prepareStatement(ReuseExecutor.java:88)
	at org.apache.ibatis.executor.ReuseExecutor.doQuery(ReuseExecutor.java:59)
	at org.apache.ibatis.executor.BaseExecutor.queryFromDatabase(BaseExecutor.java:325)
	at org.apache.ibatis.executor.BaseExecutor.query(BaseExecutor.java:156)
	at org.apache.ibatis.executor.CachingExecutor.query(CachingExecutor.java:109)
	at org.apache.ibatis.executor.CachingExecutor.query(CachingExecutor.java:89)
	at org.apache.ibatis.session.defaults.DefaultSqlSession.selectList(DefaultSqlSession.java:147)
	... 23 common frames omitted
Caused by: java.net.SocketTimeoutException: connect timed out
	at java.base/java.net.PlainSocketImpl.waitForConnect(Native Method)
	at java.base/java.net.PlainSocketImpl.socketConnect(PlainSocketImpl.java:107)
	at java.base/java.net.AbstractPlainSocketImpl.doConnect(AbstractPlainSocketImpl.java:399)
	at java.base/java.net.AbstractPlainSocketImpl.connectToAddress(AbstractPlainSocketImpl.java:242)
	at java.base/java.net.AbstractPlainSocketImpl.connect(AbstractPlainSocketImpl.java:224)
	at java.base/java.net.SocksSocketImpl.connect(SocksSocketImpl.java:392)
	at java.base/java.net.Socket.connect(Socket.java:609)
	at org.h2.util.NetUtils.createSocket(NetUtils.java:103)
	at org.h2.util.NetUtils.createSocket(NetUtils.java:83)
	at org.h2.engine.SessionRemote.initTransfer(SessionRemote.java:115)
	at org.h2.engine.SessionRemote.connectServer(SessionRemote.java:431)
	... 49 common frames omitted
2021.04.11 14:03:36 ERROR ce[][o.s.c.t.CeWorkerImpl] Failed to pop the queue of analysis reports
org.apache.ibatis.exceptions.PersistenceException: 
### Error querying database.  Cause: org.h2.jdbc.JdbcSQLNonTransientConnectionException: Connection is broken: "java.net.SocketTimeoutException: connect timed out: 127.0.0.1:9092" [90067-199]
### The error may exist in org.sonar.db.property.InternalPropertiesMapper
### The error may involve org.sonar.db.property.InternalPropertiesMapper.selectAsText
### The error occurred while executing a query
### Cause: org.h2.jdbc.JdbcSQLNonTransientConnectionException: Connection is broken: "java.net.SocketTimeoutException: connect timed out: 127.0.0.1:9092" [90067-199]
	at org.apache.ibatis.exceptions.ExceptionFactory.wrapException(ExceptionFactory.java:30)
	at org.apache.ibatis.session.defaults.DefaultSqlSession.selectList(DefaultSqlSession.java:149)
	at org.apache.ibatis.session.defaults.DefaultSqlSession.selectList(DefaultSqlSession.java:140)
	at org.apache.ibatis.binding.MapperMethod.executeForMany(MapperMethod.java:147)
	at org.apache.ibatis.binding.MapperMethod.execute(MapperMethod.java:80)
	at org.apache.ibatis.binding.MapperProxy$PlainMethodInvoker.invoke(MapperProxy.java:152)
	at org.apache.ibatis.binding.MapperProxy.invoke(MapperProxy.java:85)
	at com.sun.proxy.$Proxy24.selectAsText(Unknown Source)
	at org.sonar.db.property.InternalPropertiesDao.selectByKey(InternalPropertiesDao.java:155)
	at org.sonar.ce.queue.CeQueueImpl.getWorkersPauseStatus(CeQueueImpl.java:328)
	at org.sonar.ce.queue.InternalCeQueueImpl.peek(InternalCeQueueImpl.java:78)
	at org.sonar.ce.taskprocessor.CeWorkerImpl.tryAndFindTaskToExecute(CeWorkerImpl.java:174)
	at org.sonar.ce.taskprocessor.CeWorkerImpl.findAndProcessTask(CeWorkerImpl.java:155)
	at org.sonar.ce.taskprocessor.CeWorkerImpl$TrackRunningState.get(CeWorkerImpl.java:137)
	at org.sonar.ce.taskprocessor.CeWorkerImpl.call(CeWorkerImpl.java:89)
	at org.sonar.ce.taskprocessor.CeWorkerImpl.call(CeWorkerImpl.java:53)
	at com.google.common.util.concurrent.TrustedListenableFutureTask$TrustedFutureInterruptibleTask.runInterruptibly(TrustedListenableFutureTask.java:125)
	at com.google.common.util.concurrent.InterruptibleTask.run(InterruptibleTask.java:69)
	at com.google.common.util.concurrent.TrustedListenableFutureTask.run(TrustedListenableFutureTask.java:78)
	at java.base/java.util.concurrent.Executors$RunnableAdapter.call(Executors.java:515)
	at java.base/java.util.concurrent.FutureTask.run(FutureTask.java:264)
	at java.base/java.util.concurrent.ScheduledThreadPoolExecutor$ScheduledFutureTask.run(ScheduledThreadPoolExecutor.java:304)
	at java.base/java.util.concurrent.ThreadPoolExecutor.runWorker(ThreadPoolExecutor.java:1128)
	at java.base/java.util.concurrent.ThreadPoolExecutor$Worker.run(ThreadPoolExecutor.java:628)
	at java.base/java.lang.Thread.run(Thread.java:834)
Caused by: org.h2.jdbc.JdbcSQLNonTransientConnectionException: Connection is broken: "java.net.SocketTimeoutException: connect timed out: 127.0.0.1:9092" [90067-199]
	at org.h2.message.DbException.getJdbcSQLException(DbException.java:617)
	at org.h2.message.DbException.getJdbcSQLException(DbException.java:427)
	at org.h2.message.DbException.get(DbException.java:194)
	at org.h2.engine.SessionRemote.connectServer(SessionRemote.java:435)
	at org.h2.engine.SessionRemote.connectEmbeddedOrServer(SessionRemote.java:317)
	at org.h2.jdbc.JdbcConnection.<init>(JdbcConnection.java:169)
	at org.h2.jdbc.JdbcConnection.<init>(JdbcConnection.java:148)
	at org.h2.Driver.connect(Driver.java:69)
	at org.apache.commons.dbcp2.DriverConnectionFactory.createConnection(DriverConnectionFactory.java:55)
	at org.apache.commons.dbcp2.PoolableConnectionFactory.makeObject(PoolableConnectionFactory.java:355)
	at org.apache.commons.pool2.impl.GenericObjectPool.create(GenericObjectPool.java:889)
	at org.apache.commons.pool2.impl.GenericObjectPool.borrowObject(GenericObjectPool.java:424)
	at org.apache.commons.pool2.impl.GenericObjectPool.borrowObject(GenericObjectPool.java:349)
	at org.apache.commons.dbcp2.PoolingDataSource.getConnection(PoolingDataSource.java:134)
	at org.apache.commons.dbcp2.BasicDataSource$PaGetConnection.run(BasicDataSource.java:73)
	at org.apache.commons.dbcp2.BasicDataSource$PaGetConnection.run(BasicDataSource.java:69)
	at java.base/java.security.AccessController.doPrivileged(Native Method)
	at org.apache.commons.dbcp2.BasicDataSource.getConnection(BasicDataSource.java:744)
	at org.sonar.db.profiling.NullConnectionInterceptor.getConnection(NullConnectionInterceptor.java:31)
	at org.sonar.db.profiling.ProfiledDataSource.getConnection(ProfiledDataSource.java:317)
	at org.apache.ibatis.transaction.jdbc.JdbcTransaction.openConnection(JdbcTransaction.java:139)
	at org.apache.ibatis.transaction.jdbc.JdbcTransaction.getConnection(JdbcTransaction.java:61)
	at org.apache.ibatis.executor.BaseExecutor.getConnection(BaseExecutor.java:337)
	at org.apache.ibatis.executor.ReuseExecutor.prepareStatement(ReuseExecutor.java:88)
	at org.apache.ibatis.executor.ReuseExecutor.doQuery(ReuseExecutor.java:59)
	at org.apache.ibatis.executor.BaseExecutor.queryFromDatabase(BaseExecutor.java:325)
	at org.apache.ibatis.executor.BaseExecutor.query(BaseExecutor.java:156)
	at org.apache.ibatis.executor.CachingExecutor.query(CachingExecutor.java:109)
	at org.apache.ibatis.executor.CachingExecutor.query(CachingExecutor.java:89)
	at org.apache.ibatis.session.defaults.DefaultSqlSession.selectList(DefaultSqlSession.java:147)
	... 23 common frames omitted
Caused by: java.net.SocketTimeoutException: connect timed out
	at java.base/java.net.PlainSocketImpl.waitForConnect(Native Method)
	at java.base/java.net.PlainSocketImpl.socketConnect(PlainSocketImpl.java:107)
	at java.base/java.net.AbstractPlainSocketImpl.doConnect(AbstractPlainSocketImpl.java:399)
	at java.base/java.net.AbstractPlainSocketImpl.connectToAddress(AbstractPlainSocketImpl.java:242)
	at java.base/java.net.AbstractPlainSocketImpl.connect(AbstractPlainSocketImpl.java:224)
	at java.base/java.net.SocksSocketImpl.connect(SocksSocketImpl.java:392)
	at java.base/java.net.Socket.connect(Socket.java:609)
	at org.h2.util.NetUtils.createSocket(NetUtils.java:103)
	at org.h2.util.NetUtils.createSocket(NetUtils.java:83)
	at org.h2.engine.SessionRemote.initTransfer(SessionRemote.java:115)
	at org.h2.engine.SessionRemote.connectServer(SessionRemote.java:431)
	... 49 common frames omitted
2021.04.11 14:05:33 INFO  ce[][o.s.p.ProcessEntryPoint] Starting ce
2021.04.11 14:05:33 INFO  ce[][o.s.ce.app.CeServer] Compute Engine starting up...
2021.04.11 14:05:33 INFO  ce[][o.s.s.e.EsClientProvider] Connected to local Elasticsearch: [http://127.0.0.1:9001]
2021.04.11 14:05:33 INFO  ce[][o.sonar.db.Database] Create JDBC data source for jdbc:h2:tcp://127.0.0.1:9092/sonar
2021.04.11 14:05:33 WARN  ce[][o.s.db.dialect.H2] H2 database should be used for evaluation purpose only.
2021.04.11 14:05:34 INFO  ce[][o.s.s.p.ServerFileSystemImpl] SonarQube home: F:\python_codes\codeChecker\tools\sonarqube
2021.04.11 14:05:34 INFO  ce[][o.s.c.c.CePluginRepository] Load plugins
2021.04.11 14:05:34 INFO  ce[][o.s.c.p.PluginInfo] Plugin [l10nzh] defines 'l10nen' as base plugin. This metadata can be removed from manifest of l10n plugins since version 5.2.
2021.04.11 14:05:36 INFO  ce[][o.s.c.c.ComputeEngineContainerImpl] Running Community edition
2021.04.11 14:05:36 INFO  ce[][o.s.ce.app.CeServer] Compute Engine is operational
2021.04.11 14:05:38 INFO  ce[][o.s.c.t.CeWorkerImpl] worker AXi_iRhE6eqGFAnyTbgk found no pending task (including indexation task). Disabling indexation task lookup for this worker until next SonarQube restart.
2021.04.11 14:07:29 INFO  ce[][o.s.p.ProcessEntryPoint] Gracefully stopping process
2021.04.11 14:07:29 INFO  ce[][o.s.ce.app.CeServer] Compute Engine is stopping...
2021.04.11 14:07:29 INFO  ce[][o.s.c.t.CeProcessingSchedulerImpl] Gracefully stopping workers...
2021.04.11 14:07:29 INFO  ce[][o.s.ce.app.CeServer] Compute Engine is stopped
2021.04.11 14:32:41 INFO  ce[][o.s.p.ProcessEntryPoint] Starting ce
2021.04.11 14:32:41 INFO  ce[][o.s.ce.app.CeServer] Compute Engine starting up...
2021.04.11 14:32:41 INFO  ce[][o.s.s.e.EsClientProvider] Connected to local Elasticsearch: [http://127.0.0.1:9001]
2021.04.11 14:32:41 INFO  ce[][o.sonar.db.Database] Create JDBC data source for jdbc:h2:tcp://127.0.0.1:9092/sonar
2021.04.11 14:32:41 WARN  ce[][o.s.db.dialect.H2] H2 database should be used for evaluation purpose only.
2021.04.11 14:32:42 INFO  ce[][o.s.s.p.ServerFileSystemImpl] SonarQube home: F:\python_codes\codeChecker\tools\sonarqube
2021.04.11 14:32:42 INFO  ce[][o.s.c.c.CePluginRepository] Load plugins
2021.04.11 14:32:42 INFO  ce[][o.s.c.p.PluginInfo] Plugin [l10nzh] defines 'l10nen' as base plugin. This metadata can be removed from manifest of l10n plugins since version 5.2.
2021.04.11 14:32:44 INFO  ce[][o.s.c.c.ComputeEngineContainerImpl] Running Community edition
2021.04.11 14:32:44 INFO  ce[][o.s.ce.app.CeServer] Compute Engine is operational
2021.04.11 14:32:46 INFO  ce[][o.s.c.t.CeWorkerImpl] worker AXi_oe8zeeOPKhe6pIan found no pending task (including indexation task). Disabling indexation task lookup for this worker until next SonarQube restart.
2021.04.11 14:37:52 INFO  ce[][o.s.p.ProcessEntryPoint] Starting ce
2021.04.11 14:37:52 INFO  ce[][o.s.ce.app.CeServer] Compute Engine starting up...
2021.04.11 14:37:52 INFO  ce[][o.s.s.e.EsClientProvider] Connected to local Elasticsearch: [http://127.0.0.1:9001]
2021.04.11 14:37:52 INFO  ce[][o.sonar.db.Database] Create JDBC data source for jdbc:h2:tcp://127.0.0.1:9092/sonar
2021.04.11 14:37:53 WARN  ce[][o.s.db.dialect.H2] H2 database should be used for evaluation purpose only.
2021.04.11 14:37:54 INFO  ce[][o.s.s.p.ServerFileSystemImpl] SonarQube home: F:\python_codes\codeChecker\tools\sonarqube
2021.04.11 14:37:54 INFO  ce[][o.s.c.c.CePluginRepository] Load plugins
2021.04.11 14:37:54 INFO  ce[][o.s.c.p.PluginInfo] Plugin [l10nzh] defines 'l10nen' as base plugin. This metadata can be removed from manifest of l10n plugins since version 5.2.
2021.04.11 14:37:55 INFO  ce[][o.s.c.c.ComputeEngineContainerImpl] Running Community edition
2021.04.11 14:37:55 INFO  ce[][o.s.ce.app.CeServer] Compute Engine is operational
2021.04.11 14:37:57 INFO  ce[][o.s.c.t.CeWorkerImpl] worker AXi_prFC8NFao3R-LnXq found no pending task (including indexation task). Disabling indexation task lookup for this worker until next SonarQube restart.
2021.04.11 14:41:13 INFO  ce[][o.s.p.ProcessEntryPoint] Starting ce
2021.04.11 14:41:13 INFO  ce[][o.s.ce.app.CeServer] Compute Engine starting up...
2021.04.11 14:41:14 INFO  ce[][o.s.s.e.EsClientProvider] Connected to local Elasticsearch: [http://127.0.0.1:9001]
2021.04.11 14:41:14 INFO  ce[][o.sonar.db.Database] Create JDBC data source for jdbc:h2:tcp://127.0.0.1:9092/sonar
2021.04.11 14:41:14 WARN  ce[][o.s.db.dialect.H2] H2 database should be used for evaluation purpose only.
2021.04.11 14:41:15 INFO  ce[][o.s.s.p.ServerFileSystemImpl] SonarQube home: F:\python_codes\codeChecker\tools\sonarqube
2021.04.11 14:41:15 INFO  ce[][o.s.c.c.CePluginRepository] Load plugins
2021.04.11 14:41:15 INFO  ce[][o.s.c.p.PluginInfo] Plugin [l10nzh] defines 'l10nen' as base plugin. This metadata can be removed from manifest of l10n plugins since version 5.2.
2021.04.11 14:41:16 INFO  ce[][o.s.c.c.ComputeEngineContainerImpl] Running Community edition
2021.04.11 14:41:17 INFO  ce[][o.s.ce.app.CeServer] Compute Engine is operational
2021.04.11 14:41:19 INFO  ce[][o.s.c.t.CeWorkerImpl] worker AXi_qcLAebXz6lkJJ93p found no pending task (including indexation task). Disabling indexation task lookup for this worker until next SonarQube restart.
2021.04.11 14:46:05 INFO  ce[][o.s.p.ProcessEntryPoint] Starting ce
2021.04.11 14:46:05 INFO  ce[][o.s.ce.app.CeServer] Compute Engine starting up...
2021.04.11 14:46:05 INFO  ce[][o.s.s.e.EsClientProvider] Connected to local Elasticsearch: [http://127.0.0.1:9001]
2021.04.11 14:46:06 INFO  ce[][o.sonar.db.Database] Create JDBC data source for jdbc:h2:tcp://127.0.0.1:9092/sonar
2021.04.11 14:46:06 WARN  ce[][o.s.db.dialect.H2] H2 database should be used for evaluation purpose only.
2021.04.11 14:46:07 INFO  ce[][o.s.s.p.ServerFileSystemImpl] SonarQube home: F:\python_codes\codeChecker\tools\sonarqube
2021.04.11 14:46:07 INFO  ce[][o.s.c.c.CePluginRepository] Load plugins
2021.04.11 14:46:07 INFO  ce[][o.s.c.p.PluginInfo] Plugin [l10nzh] defines 'l10nen' as base plugin. This metadata can be removed from manifest of l10n plugins since version 5.2.
2021.04.11 14:46:08 INFO  ce[][o.s.c.c.ComputeEngineContainerImpl] Running Community edition
2021.04.11 14:46:09 INFO  ce[][o.s.ce.app.CeServer] Compute Engine is operational
2021.04.11 14:46:11 INFO  ce[][o.s.c.t.CeWorkerImpl] worker AXi_rjdXac8b3rk6r3no found no pending task (including indexation task). Disabling indexation task lookup for this worker until next SonarQube restart.
2021.04.11 14:48:03 INFO  ce[][o.s.p.ProcessEntryPoint] Starting ce
2021.04.11 14:48:03 INFO  ce[][o.s.ce.app.CeServer] Compute Engine starting up...
2021.04.11 14:48:03 INFO  ce[][o.s.s.e.EsClientProvider] Connected to local Elasticsearch: [http://127.0.0.1:9001]
2021.04.11 14:48:03 INFO  ce[][o.sonar.db.Database] Create JDBC data source for jdbc:h2:tcp://127.0.0.1:9092/sonar
2021.04.11 14:48:04 WARN  ce[][o.s.db.dialect.H2] H2 database should be used for evaluation purpose only.
2021.04.11 14:48:05 INFO  ce[][o.s.s.p.ServerFileSystemImpl] SonarQube home: F:\python_codes\codeChecker\tools\sonarqube
2021.04.11 14:48:05 INFO  ce[][o.s.c.c.CePluginRepository] Load plugins
2021.04.11 14:48:05 INFO  ce[][o.s.c.p.PluginInfo] Plugin [l10nzh] defines 'l10nen' as base plugin. This metadata can be removed from manifest of l10n plugins since version 5.2.
2021.04.11 14:48:06 INFO  ce[][o.s.c.c.ComputeEngineContainerImpl] Running Community edition
2021.04.11 14:48:06 INFO  ce[][o.s.ce.app.CeServer] Compute Engine is operational
2021.04.11 14:48:08 INFO  ce[][o.s.c.t.CeWorkerImpl] worker AXi_sAMseomQ0fBhxj1H found no pending task (including indexation task). Disabling indexation task lookup for this worker until next SonarQube restart.
2021.04.11 15:12:58 INFO  ce[][o.s.p.ProcessEntryPoint] Starting ce
2021.04.11 15:12:58 INFO  ce[][o.s.ce.app.CeServer] Compute Engine starting up...
2021.04.11 15:12:59 INFO  ce[][o.s.s.e.EsClientProvider] Connected to local Elasticsearch: [http://127.0.0.1:9001]
2021.04.11 15:12:59 INFO  ce[][o.sonar.db.Database] Create JDBC data source for jdbc:h2:tcp://127.0.0.1:9092/sonar
2021.04.11 15:12:59 WARN  ce[][o.s.db.dialect.H2] H2 database should be used for evaluation purpose only.
2021.04.11 15:13:00 INFO  ce[][o.s.s.p.ServerFileSystemImpl] SonarQube home: F:\python_codes\codeChecker\tools\sonarqube
2021.04.11 15:13:00 INFO  ce[][o.s.c.c.CePluginRepository] Load plugins
2021.04.11 15:13:00 INFO  ce[][o.s.c.p.PluginInfo] Plugin [l10nzh] defines 'l10nen' as base plugin. This metadata can be removed from manifest of l10n plugins since version 5.2.
2021.04.11 15:13:02 INFO  ce[][o.s.c.c.ComputeEngineContainerImpl] Running Community edition
2021.04.11 15:13:02 INFO  ce[][o.s.ce.app.CeServer] Compute Engine is operational
2021.04.11 15:13:04 INFO  ce[][o.s.c.t.CeWorkerImpl] worker AXi_xtR7z5qC6TuPpjyE found no pending task (including indexation task). Disabling indexation task lookup for this worker until next SonarQube restart.
2021.04.11 15:15:59 INFO  ce[][o.s.p.ProcessEntryPoint] Starting ce
2021.04.11 15:15:59 INFO  ce[][o.s.ce.app.CeServer] Compute Engine starting up...
2021.04.11 15:15:59 INFO  ce[][o.s.s.e.EsClientProvider] Connected to local Elasticsearch: [http://127.0.0.1:9001]
2021.04.11 15:16:00 INFO  ce[][o.sonar.db.Database] Create JDBC data source for jdbc:h2:tcp://127.0.0.1:9092/sonar
2021.04.11 15:16:00 WARN  ce[][o.s.db.dialect.H2] H2 database should be used for evaluation purpose only.
2021.04.11 15:16:01 INFO  ce[][o.s.s.p.ServerFileSystemImpl] SonarQube home: F:\python_codes\codeChecker\tools\sonarqube
2021.04.11 15:16:01 INFO  ce[][o.s.c.c.CePluginRepository] Load plugins
2021.04.11 15:16:01 INFO  ce[][o.s.c.p.PluginInfo] Plugin [l10nzh] defines 'l10nen' as base plugin. This metadata can be removed from manifest of l10n plugins since version 5.2.
2021.04.11 15:16:02 INFO  ce[][o.s.c.c.ComputeEngineContainerImpl] Running Community edition
2021.04.11 15:16:02 INFO  ce[][o.s.ce.app.CeServer] Compute Engine is operational
2021.04.11 15:16:04 INFO  ce[][o.s.c.t.CeWorkerImpl] worker AXi_yZYqPU_ce7lU-zx3 found no pending task (including indexation task). Disabling indexation task lookup for this worker until next SonarQube restart.
2021.04.11 15:23:26 INFO  ce[][o.s.p.ProcessEntryPoint] Starting ce
2021.04.11 15:23:26 INFO  ce[][o.s.ce.app.CeServer] Compute Engine starting up...
2021.04.11 15:23:27 INFO  ce[][o.s.s.e.EsClientProvider] Connected to local Elasticsearch: [http://127.0.0.1:9001]
2021.04.11 15:23:27 INFO  ce[][o.sonar.db.Database] Create JDBC data source for jdbc:h2:tcp://127.0.0.1:9092/sonar
2021.04.11 15:23:27 WARN  ce[][o.s.db.dialect.H2] H2 database should be used for evaluation purpose only.
2021.04.11 15:23:28 INFO  ce[][o.s.s.p.ServerFileSystemImpl] SonarQube home: F:\python_codes\codeChecker\tools\sonarqube
2021.04.11 15:23:28 INFO  ce[][o.s.c.c.CePluginRepository] Load plugins
2021.04.11 15:23:28 INFO  ce[][o.s.c.p.PluginInfo] Plugin [l10nzh] defines 'l10nen' as base plugin. This metadata can be removed from manifest of l10n plugins since version 5.2.
2021.04.11 15:23:30 INFO  ce[][o.s.c.c.ComputeEngineContainerImpl] Running Community edition
2021.04.11 15:23:30 INFO  ce[][o.s.ce.app.CeServer] Compute Engine is operational
2021.04.11 15:23:32 INFO  ce[][o.s.c.t.CeWorkerImpl] worker AXi_0Gm0C6OZFmTfkW-i found no pending task (including indexation task). Disabling indexation task lookup for this worker until next SonarQube restart.
2021.04.11 15:27:05 INFO  ce[][o.s.p.ProcessEntryPoint] Starting ce
2021.04.11 15:27:05 INFO  ce[][o.s.ce.app.CeServer] Compute Engine starting up...
2021.04.11 15:27:05 INFO  ce[][o.s.s.e.EsClientProvider] Connected to local Elasticsearch: [http://127.0.0.1:9001]
2021.04.11 15:27:05 INFO  ce[][o.sonar.db.Database] Create JDBC data source for jdbc:h2:tcp://127.0.0.1:9092/sonar
2021.04.11 15:27:05 WARN  ce[][o.s.db.dialect.H2] H2 database should be used for evaluation purpose only.
2021.04.11 15:27:06 INFO  ce[][o.s.s.p.ServerFileSystemImpl] SonarQube home: F:\python_codes\codeChecker\tools\sonarqube
2021.04.11 15:27:06 INFO  ce[][o.s.c.c.CePluginRepository] Load plugins
2021.04.11 15:27:06 INFO  ce[][o.s.c.p.PluginInfo] Plugin [l10nzh] defines 'l10nen' as base plugin. This metadata can be removed from manifest of l10n plugins since version 5.2.
2021.04.11 15:27:08 INFO  ce[][o.s.c.c.ComputeEngineContainerImpl] Running Community edition
2021.04.11 15:27:08 INFO  ce[][o.s.ce.app.CeServer] Compute Engine is operational
2021.04.11 15:27:10 INFO  ce[][o.s.c.t.CeWorkerImpl] worker AXi_070saR2pl4tUuNGO found no pending task (including indexation task). Disabling indexation task lookup for this worker until next SonarQube restart.
2021.04.11 15:29:16 INFO  ce[][o.s.p.ProcessEntryPoint] Starting ce
2021.04.11 15:29:16 INFO  ce[][o.s.ce.app.CeServer] Compute Engine starting up...
2021.04.11 15:29:16 INFO  ce[][o.s.s.e.EsClientProvider] Connected to local Elasticsearch: [http://127.0.0.1:9001]
2021.04.11 15:29:16 INFO  ce[][o.sonar.db.Database] Create JDBC data source for jdbc:h2:tcp://127.0.0.1:9092/sonar
2021.04.11 15:29:17 WARN  ce[][o.s.db.dialect.H2] H2 database should be used for evaluation purpose only.
2021.04.11 15:29:17 INFO  ce[][o.s.s.p.ServerFileSystemImpl] SonarQube home: F:\python_codes\codeChecker\tools\sonarqube
2021.04.11 15:29:18 INFO  ce[][o.s.c.c.CePluginRepository] Load plugins
2021.04.11 15:29:18 INFO  ce[][o.s.c.p.PluginInfo] Plugin [l10nzh] defines 'l10nen' as base plugin. This metadata can be removed from manifest of l10n plugins since version 5.2.
2021.04.11 15:29:19 INFO  ce[][o.s.c.c.ComputeEngineContainerImpl] Running Community edition
2021.04.11 15:29:19 INFO  ce[][o.s.ce.app.CeServer] Compute Engine is operational
2021.04.11 15:29:21 INFO  ce[][o.s.c.t.CeWorkerImpl] worker AXi_1b6ZY6lUMzVU6J4d found no pending task (including indexation task). Disabling indexation task lookup for this worker until next SonarQube restart.
2021.04.11 15:30:36 INFO  ce[][o.s.p.ProcessEntryPoint] Starting ce
2021.04.11 15:30:36 INFO  ce[][o.s.ce.app.CeServer] Compute Engine starting up...
2021.04.11 15:30:36 INFO  ce[][o.s.s.e.EsClientProvider] Connected to local Elasticsearch: [http://127.0.0.1:9001]
2021.04.11 15:30:37 INFO  ce[][o.sonar.db.Database] Create JDBC data source for jdbc:h2:tcp://127.0.0.1:9092/sonar
2021.04.11 15:30:37 WARN  ce[][o.s.db.dialect.H2] H2 database should be used for evaluation purpose only.
2021.04.11 15:30:37 INFO  ce[][o.s.s.p.ServerFileSystemImpl] SonarQube home: F:\python_codes\codeChecker\tools\sonarqube
2021.04.11 15:30:38 INFO  ce[][o.s.c.c.CePluginRepository] Load plugins
2021.04.11 15:30:38 INFO  ce[][o.s.c.p.PluginInfo] Plugin [l10nzh] defines 'l10nen' as base plugin. This metadata can be removed from manifest of l10n plugins since version 5.2.
2021.04.11 15:30:39 INFO  ce[][o.s.c.c.ComputeEngineContainerImpl] Running Community edition
2021.04.11 15:30:39 INFO  ce[][o.s.ce.app.CeServer] Compute Engine is operational
2021.04.11 15:30:41 INFO  ce[][o.s.c.t.CeWorkerImpl] worker AXi_1vhBNudiFbdshcop found no pending task (including indexation task). Disabling indexation task lookup for this worker until next SonarQube restart.
2021.04.11 15:31:11 INFO  ce[][o.s.p.ProcessEntryPoint] Hard stopping process
2021.04.11 15:31:11 INFO  ce[][o.s.ce.app.CeServer] Compute Engine is stopping...
2021.04.11 15:31:11 INFO  ce[][o.s.c.t.CeProcessingSchedulerImpl] Hard stopping workers...
2021.04.11 15:31:11 INFO  ce[][o.s.ce.app.CeServer] Compute Engine is stopped
2021.04.11 15:32:17 INFO  ce[][o.s.p.ProcessEntryPoint] Starting ce
2021.04.11 15:32:17 INFO  ce[][o.s.ce.app.CeServer] Compute Engine starting up...
2021.04.11 15:32:17 INFO  ce[][o.s.s.e.EsClientProvider] Connected to local Elasticsearch: [http://127.0.0.1:9001]
2021.04.11 15:32:17 INFO  ce[][o.sonar.db.Database] Create JDBC data source for jdbc:h2:tcp://127.0.0.1:9092/sonar
2021.04.11 15:32:18 WARN  ce[][o.s.db.dialect.H2] H2 database should be used for evaluation purpose only.
2021.04.11 15:32:18 INFO  ce[][o.s.s.p.ServerFileSystemImpl] SonarQube home: F:\python_codes\codeChecker\tools\sonarqube
2021.04.11 15:32:18 INFO  ce[][o.s.c.c.CePluginRepository] Load plugins
2021.04.11 15:32:18 INFO  ce[][o.s.c.p.PluginInfo] Plugin [l10nzh] defines 'l10nen' as base plugin. This metadata can be removed from manifest of l10n plugins since version 5.2.
2021.04.11 15:32:20 INFO  ce[][o.s.c.c.ComputeEngineContainerImpl] Running Community edition
2021.04.11 15:32:20 INFO  ce[][o.s.ce.app.CeServer] Compute Engine is operational
2021.04.11 15:32:22 INFO  ce[][o.s.c.t.CeWorkerImpl] worker AXi_2IDKxVDrbWcJ2DXu found no pending task (including indexation task). Disabling indexation task lookup for this worker until next SonarQube restart.
2021.04.11 15:32:27 INFO  ce[][o.s.p.ProcessEntryPoint] Hard stopping process
2021.04.11 15:32:27 INFO  ce[][o.s.ce.app.CeServer] Compute Engine is stopping...
2021.04.11 15:32:27 INFO  ce[][o.s.c.t.CeProcessingSchedulerImpl] Hard stopping workers...
2021.04.11 15:32:27 INFO  ce[][o.s.ce.app.CeServer] Compute Engine is stopped
2021.04.11 15:37:17 INFO  ce[][o.s.p.ProcessEntryPoint] Starting ce
2021.04.11 15:37:17 INFO  ce[][o.s.ce.app.CeServer] Compute Engine starting up...
2021.04.11 15:37:17 INFO  ce[][o.s.s.e.EsClientProvider] Connected to local Elasticsearch: [http://127.0.0.1:9001]
2021.04.11 15:37:17 INFO  ce[][o.sonar.db.Database] Create JDBC data source for jdbc:h2:tcp://127.0.0.1:9092/sonar
2021.04.11 15:37:17 WARN  ce[][o.s.db.dialect.H2] H2 database should be used for evaluation purpose only.
2021.04.11 15:37:18 INFO  ce[][o.s.s.p.ServerFileSystemImpl] SonarQube home: F:\python_codes\codeChecker\tools\sonarqube
2021.04.11 15:37:18 INFO  ce[][o.s.c.c.CePluginRepository] Load plugins
2021.04.11 15:37:18 INFO  ce[][o.s.c.p.PluginInfo] Plugin [l10nzh] defines 'l10nen' as base plugin. This metadata can be removed from manifest of l10n plugins since version 5.2.
2021.04.11 15:37:20 INFO  ce[][o.s.c.c.ComputeEngineContainerImpl] Running Community edition
2021.04.11 15:37:20 INFO  ce[][o.s.ce.app.CeServer] Compute Engine is operational
2021.04.11 15:37:22 INFO  ce[][o.s.c.t.CeWorkerImpl] worker AXi_3RPdX0wStnFsIyn- found no pending task (including indexation task). Disabling indexation task lookup for this worker until next SonarQube restart.
2021.04.11 15:38:55 INFO  ce[][o.s.p.ProcessEntryPoint] Starting ce
2021.04.11 15:38:55 INFO  ce[][o.s.ce.app.CeServer] Compute Engine starting up...
2021.04.11 15:38:55 INFO  ce[][o.s.s.e.EsClientProvider] Connected to local Elasticsearch: [http://127.0.0.1:9001]
2021.04.11 15:38:56 INFO  ce[][o.sonar.db.Database] Create JDBC data source for jdbc:h2:tcp://127.0.0.1:9092/sonar
2021.04.11 15:38:56 WARN  ce[][o.s.db.dialect.H2] H2 database should be used for evaluation purpose only.
2021.04.11 15:38:57 INFO  ce[][o.s.s.p.ServerFileSystemImpl] SonarQube home: F:\python_codes\codeChecker\tools\sonarqube
2021.04.11 15:38:57 INFO  ce[][o.s.c.c.CePluginRepository] Load plugins
2021.04.11 15:38:57 INFO  ce[][o.s.c.p.PluginInfo] Plugin [l10nzh] defines 'l10nen' as base plugin. This metadata can be removed from manifest of l10n plugins since version 5.2.
2021.04.11 15:38:58 INFO  ce[][o.s.c.c.ComputeEngineContainerImpl] Running Community edition
2021.04.11 15:38:58 INFO  ce[][o.s.ce.app.CeServer] Compute Engine is operational
2021.04.11 15:39:00 INFO  ce[][o.s.c.t.CeWorkerImpl] worker AXi_3pW6ehs5Wwv8mXzR found no pending task (including indexation task). Disabling indexation task lookup for this worker until next SonarQube restart.
2021.04.11 15:41:45 INFO  ce[][o.s.p.ProcessEntryPoint] Starting ce
2021.04.11 15:41:45 INFO  ce[][o.s.ce.app.CeServer] Compute Engine starting up...
2021.04.11 15:41:45 INFO  ce[][o.s.s.e.EsClientProvider] Connected to local Elasticsearch: [http://127.0.0.1:9001]
2021.04.11 15:41:46 INFO  ce[][o.sonar.db.Database] Create JDBC data source for jdbc:h2:tcp://127.0.0.1:9092/sonar
2021.04.11 15:41:46 WARN  ce[][o.s.db.dialect.H2] H2 database should be used for evaluation purpose only.
2021.04.11 15:41:46 INFO  ce[][o.s.s.p.ServerFileSystemImpl] SonarQube home: F:\python_codes\codeChecker\tools\sonarqube
2021.04.11 15:41:47 INFO  ce[][o.s.c.c.CePluginRepository] Load plugins
2021.04.11 15:41:47 INFO  ce[][o.s.c.p.PluginInfo] Plugin [l10nzh] defines 'l10nen' as base plugin. This metadata can be removed from manifest of l10n plugins since version 5.2.
2021.04.11 15:41:48 INFO  ce[][o.s.c.c.ComputeEngineContainerImpl] Running Community edition
2021.04.11 15:41:48 INFO  ce[][o.s.ce.app.CeServer] Compute Engine is operational
2021.04.11 15:41:50 INFO  ce[][o.s.c.t.CeWorkerImpl] worker AXi_4SyMBVVNvrz-FTol found no pending task (including indexation task). Disabling indexation task lookup for this worker until next SonarQube restart.
2021.04.11 17:16:57 INFO  ce[][o.s.p.ProcessEntryPoint] Starting ce
2021.04.11 17:16:57 INFO  ce[][o.s.ce.app.CeServer] Compute Engine starting up...
2021.04.11 17:16:57 INFO  ce[][o.s.s.e.EsClientProvider] Connected to local Elasticsearch: [http://127.0.0.1:9001]
2021.04.11 17:16:57 INFO  ce[][o.sonar.db.Database] Create JDBC data source for jdbc:h2:tcp://127.0.0.1:9092/sonar
2021.04.11 17:16:58 WARN  ce[][o.s.db.dialect.H2] H2 database should be used for evaluation purpose only.
2021.04.11 17:16:58 INFO  ce[][o.s.s.p.ServerFileSystemImpl] SonarQube home: F:\python_codes\codeChecker\tools\sonarqube
2021.04.11 17:16:58 INFO  ce[][o.s.c.c.CePluginRepository] Load plugins
2021.04.11 17:16:58 INFO  ce[][o.s.c.p.PluginInfo] Plugin [l10nzh] defines 'l10nen' as base plugin. This metadata can be removed from manifest of l10n plugins since version 5.2.
2021.04.11 17:17:00 INFO  ce[][o.s.c.c.ComputeEngineContainerImpl] Running Community edition
2021.04.11 17:17:00 INFO  ce[][o.s.ce.app.CeServer] Compute Engine is operational
2021.04.11 17:17:02 INFO  ce[][o.s.c.t.CeWorkerImpl] worker AXjAOFO-wKMLUbZyO5mu found no pending task (including indexation task). Disabling indexation task lookup for this worker until next SonarQube restart.
2021.04.11 17:17:44 INFO  ce[][o.s.c.t.CeWorkerImpl] Execute task | project=python | type=REPORT | id=AXjAOP70BLBc20jMDcUP | submitter=admin
2021.04.11 17:17:45 INFO  ce[AXjAOP70BLBc20jMDcUP][o.s.c.t.s.ComputationStepExecutor] Extract report | status=SUCCESS | time=46ms
2021.04.11 17:17:45 INFO  ce[AXjAOP70BLBc20jMDcUP][o.s.c.t.s.ComputationStepExecutor] Persist scanner context | status=SUCCESS | time=10ms
2021.04.11 17:17:45 INFO  ce[AXjAOP70BLBc20jMDcUP][o.s.c.t.s.ComputationStepExecutor] Propagate analysis warnings from scanner report | status=SUCCESS | time=74ms
2021.04.11 17:17:45 INFO  ce[AXjAOP70BLBc20jMDcUP][o.s.c.t.s.ComputationStepExecutor] Generate analysis UUID | status=SUCCESS | time=1ms
2021.04.11 17:17:45 INFO  ce[AXjAOP70BLBc20jMDcUP][o.s.c.t.s.ComputationStepExecutor] Load analysis metadata | status=SUCCESS | time=211ms
2021.04.11 17:17:45 INFO  ce[AXjAOP70BLBc20jMDcUP][o.s.c.t.s.ComputationStepExecutor] Initialize | status=SUCCESS | time=0ms
2021.04.11 17:17:45 INFO  ce[AXjAOP70BLBc20jMDcUP][o.s.c.t.s.ComputationStepExecutor] Build tree of components | components=7 | status=SUCCESS | time=78ms
2021.04.11 17:17:45 INFO  ce[AXjAOP70BLBc20jMDcUP][o.s.c.t.s.ComputationStepExecutor] Validate project | status=SUCCESS | time=20ms
2021.04.11 17:17:47 INFO  ce[AXjAOP70BLBc20jMDcUP][o.s.c.t.s.ComputationStepExecutor] Load quality profiles | status=SUCCESS | time=1832ms
2021.04.11 17:17:47 INFO  ce[AXjAOP70BLBc20jMDcUP][o.s.c.t.s.ComputationStepExecutor] Load Quality gate | status=SUCCESS | time=36ms
2021.04.11 17:17:47 INFO  ce[AXjAOP70BLBc20jMDcUP][o.s.c.t.s.ComputationStepExecutor] Load new code period | status=SUCCESS | time=7ms
2021.04.11 17:17:47 INFO  ce[AXjAOP70BLBc20jMDcUP][o.s.c.t.s.ComputationStepExecutor] Detect file moves | status=SUCCESS | time=0ms
2021.04.11 17:17:47 INFO  ce[AXjAOP70BLBc20jMDcUP][o.s.c.t.s.ComputationStepExecutor] Load duplications | duplications=0 | status=SUCCESS | time=3ms
2021.04.11 17:17:47 INFO  ce[AXjAOP70BLBc20jMDcUP][o.s.c.t.s.ComputationStepExecutor] Compute cross project duplications | status=SUCCESS | time=0ms
2021.04.11 17:17:47 INFO  ce[AXjAOP70BLBc20jMDcUP][o.s.c.t.s.ComputationStepExecutor] Compute size measures | status=SUCCESS | time=25ms
2021.04.11 17:17:47 INFO  ce[AXjAOP70BLBc20jMDcUP][o.s.c.t.s.ComputationStepExecutor] Compute new coverage | status=SUCCESS | time=3ms
2021.04.11 17:17:47 INFO  ce[AXjAOP70BLBc20jMDcUP][o.s.c.t.s.ComputationStepExecutor] Compute coverage measures | status=SUCCESS | time=7ms
2021.04.11 17:17:47 INFO  ce[AXjAOP70BLBc20jMDcUP][o.s.c.t.s.ComputationStepExecutor] Compute comment measures | status=SUCCESS | time=3ms
2021.04.11 17:17:47 INFO  ce[AXjAOP70BLBc20jMDcUP][o.s.c.t.s.ComputationStepExecutor] Copy custom measures | status=SUCCESS | time=3ms
2021.04.11 17:17:47 INFO  ce[AXjAOP70BLBc20jMDcUP][o.s.c.t.s.ComputationStepExecutor] Compute duplication measures | status=SUCCESS | time=0ms
2021.04.11 17:17:47 INFO  ce[AXjAOP70BLBc20jMDcUP][o.s.c.t.s.ComputationStepExecutor] Compute size measures on new code | status=SUCCESS | time=0ms
2021.04.11 17:17:47 INFO  ce[AXjAOP70BLBc20jMDcUP][o.s.c.t.s.ComputationStepExecutor] Compute language distribution | status=SUCCESS | time=14ms
2021.04.11 17:17:47 INFO  ce[AXjAOP70BLBc20jMDcUP][o.s.c.t.s.ComputationStepExecutor] Compute test measures | status=SUCCESS | time=0ms
2021.04.11 17:17:47 INFO  ce[AXjAOP70BLBc20jMDcUP][o.s.c.t.s.ComputationStepExecutor] Compute complexity measures | status=SUCCESS | time=2ms
2021.04.11 17:17:47 INFO  ce[AXjAOP70BLBc20jMDcUP][o.s.c.t.s.ComputationStepExecutor] Load measure computers | status=SUCCESS | time=4ms
2021.04.11 17:17:47 INFO  ce[AXjAOP70BLBc20jMDcUP][o.s.c.t.s.ComputationStepExecutor] Compute Quality Profile status | status=SUCCESS | time=4ms
2021.04.11 17:17:47 INFO  ce[AXjAOP70BLBc20jMDcUP][o.s.c.t.s.ComputationStepExecutor] Execute component visitors | status=SUCCESS | time=181ms
2021.04.11 17:17:47 INFO  ce[AXjAOP70BLBc20jMDcUP][o.s.c.t.s.ComputationStepExecutor] Checks executed after computation of measures | status=SUCCESS | time=0ms
2021.04.11 17:17:47 INFO  ce[AXjAOP70BLBc20jMDcUP][o.s.c.t.s.ComputationStepExecutor] Compute Quality Gate measures | status=SUCCESS | time=11ms
2021.04.11 17:17:47 INFO  ce[AXjAOP70BLBc20jMDcUP][o.s.c.t.s.ComputationStepExecutor] Compute Quality profile measures | status=SUCCESS | time=9ms
2021.04.11 17:17:47 INFO  ce[AXjAOP70BLBc20jMDcUP][o.s.c.t.s.ComputationStepExecutor] Generate Quality profile events | status=SUCCESS | time=3ms
2021.04.11 17:17:47 INFO  ce[AXjAOP70BLBc20jMDcUP][o.s.c.t.s.ComputationStepExecutor] Generate Quality gate events | status=SUCCESS | time=2ms
2021.04.11 17:17:47 INFO  ce[AXjAOP70BLBc20jMDcUP][o.s.c.t.s.ComputationStepExecutor] Check upgrade possibility for not analyzed code files. | status=SUCCESS | time=2ms
2021.04.11 17:17:47 INFO  ce[AXjAOP70BLBc20jMDcUP][o.s.c.t.s.ComputationStepExecutor] Persist components | status=SUCCESS | time=17ms
2021.04.11 17:17:47 INFO  ce[AXjAOP70BLBc20jMDcUP][o.s.c.t.s.ComputationStepExecutor] Persist analysis | status=SUCCESS | time=4ms
2021.04.11 17:17:47 INFO  ce[AXjAOP70BLBc20jMDcUP][o.s.c.t.s.ComputationStepExecutor] Persist analysis properties | status=SUCCESS | time=1ms
2021.04.11 17:17:47 INFO  ce[AXjAOP70BLBc20jMDcUP][o.s.c.t.s.ComputationStepExecutor] Persist measures | inserts=49 | status=SUCCESS | time=21ms
2021.04.11 17:17:47 INFO  ce[AXjAOP70BLBc20jMDcUP][o.s.c.t.s.ComputationStepExecutor] Persist live measures | insertsOrUpdates=225 | status=SUCCESS | time=60ms
2021.04.11 17:17:47 INFO  ce[AXjAOP70BLBc20jMDcUP][o.s.c.t.s.ComputationStepExecutor] Persist duplication data | insertsOrUpdates=0 | status=SUCCESS | time=1ms
2021.04.11 17:17:47 INFO  ce[AXjAOP70BLBc20jMDcUP][o.s.c.t.s.ComputationStepExecutor] Persist new ad hoc Rules | status=SUCCESS | time=0ms
2021.04.11 17:17:47 INFO  ce[AXjAOP70BLBc20jMDcUP][o.s.c.t.s.ComputationStepExecutor] Persist issues | cacheSize=6 KB | inserts=22 | updates=0 | merged=0 | status=SUCCESS | time=21ms
2021.04.11 17:17:47 INFO  ce[AXjAOP70BLBc20jMDcUP][o.s.c.t.s.ComputationStepExecutor] Persist project links | status=SUCCESS | time=5ms
2021.04.11 17:17:47 INFO  ce[AXjAOP70BLBc20jMDcUP][o.s.c.t.s.ComputationStepExecutor] Persist events | status=SUCCESS | time=6ms
2021.04.11 17:17:48 INFO  ce[AXjAOP70BLBc20jMDcUP][o.s.c.t.s.ComputationStepExecutor] Persist sources | status=SUCCESS | time=224ms
2021.04.11 17:17:48 INFO  ce[AXjAOP70BLBc20jMDcUP][o.s.c.t.s.ComputationStepExecutor] Persist cross project duplications | status=SUCCESS | time=0ms
2021.04.11 17:17:48 INFO  ce[AXjAOP70BLBc20jMDcUP][o.s.c.t.s.ComputationStepExecutor] Enable analysis | status=SUCCESS | time=3ms
2021.04.11 17:17:48 INFO  ce[AXjAOP70BLBc20jMDcUP][o.s.c.t.s.ComputationStepExecutor] Update last usage date of quality profiles | status=SUCCESS | time=7ms
2021.04.11 17:17:48 INFO  ce[AXjAOP70BLBc20jMDcUP][o.s.c.t.s.ComputationStepExecutor] Purge db | status=SUCCESS | time=427ms
2021.04.11 17:17:49 INFO  ce[AXjAOP70BLBc20jMDcUP][o.s.c.t.s.ComputationStepExecutor] Index analysis | status=SUCCESS | time=532ms
2021.04.11 17:17:49 INFO  ce[AXjAOP70BLBc20jMDcUP][o.s.c.t.s.ComputationStepExecutor] Update need issue sync for branch | status=SUCCESS | time=2ms
2021.04.11 17:17:49 INFO  ce[AXjAOP70BLBc20jMDcUP][o.s.c.t.s.ComputationStepExecutor] Send issue notifications | newIssuesNotifs=0 | newIssuesDeliveries=0 | myNewIssuesNotifs=0 | myNewIssuesDeliveries=0 | changesNotifs=0 | changesDeliveries=0 | status=SUCCESS | time=4ms
2021.04.11 17:17:49 INFO  ce[AXjAOP70BLBc20jMDcUP][o.s.c.t.s.ComputationStepExecutor] Publish task results | status=SUCCESS | time=0ms
2021.04.11 17:17:49 INFO  ce[AXjAOP70BLBc20jMDcUP][o.s.c.t.s.ComputationStepExecutor] Trigger refresh of Portfolios and Applications | status=SUCCESS | time=0ms
2021.04.11 17:17:49 INFO  ce[AXjAOP70BLBc20jMDcUP][o.s.c.t.p.a.p.PostProjectAnalysisTasksExecutor] Webhooks | globalWebhooks=0 | projectWebhooks=0 | status=SUCCESS | time=5ms
2021.04.11 17:17:49 INFO  ce[AXjAOP70BLBc20jMDcUP][o.s.c.t.CeWorkerImpl] Executed task | project=python | type=REPORT | id=AXjAOP70BLBc20jMDcUP | submitter=admin | status=SUCCESS | time=4587ms
